app/build/intermediates/manifest_merge_blame_file/debug/manifest-merger-blame-debug-report.txt
1<?xml version="1.0" encoding="utf-8"?>
2<manifest xmlns:android="http://schemas.android.com/apk/res/android"
3    package="ru.skillbranch.skillarticles"
4    android:versionCode="1"
5    android:versionName="1.0" >
6
7    <uses-sdk
8        android:minSdkVersion="23"
8-->src/main/AndroidManifest.xml
9        android:targetSdkVersion="29" />
9-->src/main/AndroidManifest.xml
10
11    <uses-permission android:name="android.permission.ACCESS_NETWORK_STATE" />
11-->src/main/AndroidManifest.xml:5:5-79
11-->src/main/AndroidManifest.xml:5:22-76
12    <uses-permission android:name="android.permission.INTERNET" />
12-->src/main/AndroidManifest.xml:6:5-67
12-->src/main/AndroidManifest.xml:6:22-64
13    <uses-permission android:name="android.permission.READ_EXTERNAL_STORAGE" />
13-->src/main/AndroidManifest.xml:7:5-80
13-->src/main/AndroidManifest.xml:7:22-77
14    <uses-permission android:name="android.permission.WRITE_EXTERNAL_STORAGE" />
14-->src/main/AndroidManifest.xml:8:5-81
14-->src/main/AndroidManifest.xml:8:22-78
15    <uses-permission android:name="android.permission.REORDER_TASKS" />
15-->[androidx.fragment:fragment-testing:1.2.5] AndroidManifest.xml:25:5-72
15-->[androidx.fragment:fragment-testing:1.2.5] AndroidManifest.xml:25:22-69
16
17    <application
17-->src/main/AndroidManifest.xml:10:5-37:19
18        android:name="ru.skillbranch.skillarticles.App"
18-->src/main/AndroidManifest.xml:11:9-28
19        android:allowBackup="true"
19-->src/main/AndroidManifest.xml:12:9-35
20        android:appComponentFactory="androidx.core.app.CoreComponentFactory"
20-->[androidx.core:core:1.3.1] AndroidManifest.xml:24:18-86
21        android:debuggable="true"
22        android:extractNativeLibs="false"
23        android:icon="@mipmap/ic_launcher"
23-->src/main/AndroidManifest.xml:13:9-43
24        android:label="@string/app_name"
24-->src/main/AndroidManifest.xml:14:9-41
25        android:roundIcon="@mipmap/ic_launcher_round"
25-->src/main/AndroidManifest.xml:15:9-54
26        android:supportsRtl="true"
26-->src/main/AndroidManifest.xml:16:9-35
27        android:testOnly="true"
28        android:theme="@style/AppTheme" >
28-->src/main/AndroidManifest.xml:17:9-40
29        <activity
29-->src/main/AndroidManifest.xml:18:9-26:20
30            android:name="ru.skillbranch.skillarticles.ui.RootActivity"
30-->src/main/AndroidManifest.xml:19:13-44
31            android:windowSoftInputMode="adjustNothing" >
31-->src/main/AndroidManifest.xml:20:13-56
32            <intent-filter>
32-->src/main/AndroidManifest.xml:21:13-25:29
33                <action android:name="android.intent.action.MAIN" />
33-->src/main/AndroidManifest.xml:22:17-69
33-->src/main/AndroidManifest.xml:22:25-66
34
35                <category android:name="android.intent.category.LAUNCHER" />
35-->src/main/AndroidManifest.xml:24:17-77
35-->src/main/AndroidManifest.xml:24:27-74
36            </intent-filter>
37        </activity>
38
39        <provider
40            android:name="ru.skillbranch.skillarticles.data.providers.ImageFileProvider"
40-->src/main/AndroidManifest.xml:29:13-61
41            android:authorities="ru.skillbranch.skillarticles.provider"
41-->src/main/AndroidManifest.xml:30:13-60
42            android:exported="false"
42-->src/main/AndroidManifest.xml:31:13-37
43            android:grantUriPermissions="true" >
43-->src/main/AndroidManifest.xml:32:13-47
44            <meta-data
44-->src/main/AndroidManifest.xml:33:13-35:58
45                android:name="android.support.FILE_PROVIDER_PATHS"
45-->src/main/AndroidManifest.xml:34:17-67
46                android:resource="@xml/provider_paths" />
46-->src/main/AndroidManifest.xml:35:17-55
47        </provider>
48
49        <activity
49-->[androidx.fragment:fragment-testing:1.2.5] AndroidManifest.xml:28:9-37:20
50            android:name="androidx.fragment.app.testing.FragmentScenario$EmptyFragmentActivity"
50-->[androidx.fragment:fragment-testing:1.2.5] AndroidManifest.xml:29:13-96
51            android:exported="true"
51-->[androidx.fragment:fragment-testing:1.2.5] AndroidManifest.xml:30:13-36
52            android:multiprocess="true"
52-->[androidx.fragment:fragment-testing:1.2.5] AndroidManifest.xml:31:13-40
53            android:taskAffinity=""
53-->[androidx.fragment:fragment-testing:1.2.5] AndroidManifest.xml:32:13-36
54            android:theme="@style/FragmentScenarioEmptyFragmentActivityTheme" >
54-->[androidx.fragment:fragment-testing:1.2.5] AndroidManifest.xml:33:13-78
55            <intent-filter>
55-->[androidx.fragment:fragment-testing:1.2.5] AndroidManifest.xml:34:13-36:29
56                <action android:name="android.intent.action.MAIN" />
56-->src/main/AndroidManifest.xml:22:17-69
56-->src/main/AndroidManifest.xml:22:25-66
57            </intent-filter>
58        </activity>
59
60        <service
60-->[androidx.room:room-runtime:2.2.5] AndroidManifest.xml:25:9-28:40
61            android:name="androidx.room.MultiInstanceInvalidationService"
61-->[androidx.room:room-runtime:2.2.5] AndroidManifest.xml:26:13-74
62            android:directBootAware="true"
62-->[androidx.room:room-runtime:2.2.5] AndroidManifest.xml:27:13-43
63            android:exported="false" />
63-->[androidx.room:room-runtime:2.2.5] AndroidManifest.xml:28:13-37
64
65        <activity
65-->[androidx.test:core:1.2.0] AndroidManifest.xml:27:9-33:20
66            android:name="androidx.test.core.app.InstrumentationActivityInvoker$BootstrapActivity"
66-->[androidx.test:core:1.2.0] AndroidManifest.xml:28:13-99
67            android:theme="@android:style/Theme" >
67-->[androidx.test:core:1.2.0] AndroidManifest.xml:29:13-49
68            <intent-filter>
68-->[androidx.fragment:fragment-testing:1.2.5] AndroidManifest.xml:34:13-36:29
69                <action android:name="android.intent.action.MAIN" />
69-->src/main/AndroidManifest.xml:22:17-69
69-->src/main/AndroidManifest.xml:22:25-66
70            </intent-filter>
71        </activity>
72        <activity
72-->[androidx.test:core:1.2.0] AndroidManifest.xml:34:9-40:20
73            android:name="androidx.test.core.app.InstrumentationActivityInvoker$EmptyActivity"
73-->[androidx.test:core:1.2.0] AndroidManifest.xml:35:13-95
74            android:theme="@android:style/Theme" >
74-->[androidx.test:core:1.2.0] AndroidManifest.xml:36:13-49
75            <intent-filter>
75-->[androidx.fragment:fragment-testing:1.2.5] AndroidManifest.xml:34:13-36:29
76                <action android:name="android.intent.action.MAIN" />
76-->src/main/AndroidManifest.xml:22:17-69
76-->src/main/AndroidManifest.xml:22:25-66
77            </intent-filter>
78        </activity>
79        <activity
79-->[androidx.test:core:1.2.0] AndroidManifest.xml:41:9-47:20
80            android:name="androidx.test.core.app.InstrumentationActivityInvoker$EmptyFloatingActivity"
80-->[androidx.test:core:1.2.0] AndroidManifest.xml:42:13-103
81            android:theme="@android:style/Theme.Dialog" >
81-->[androidx.test:core:1.2.0] AndroidManifest.xml:43:13-56
82            <intent-filter>
82-->[androidx.fragment:fragment-testing:1.2.5] AndroidManifest.xml:34:13-36:29
83                <action android:name="android.intent.action.MAIN" />
83-->src/main/AndroidManifest.xml:22:17-69
83-->src/main/AndroidManifest.xml:22:25-66
84            </intent-filter>
85        </activity>
86    </application>
87
88</manifest>